Using pre-set license
Built from '2020.3/staging' branch; Version is '2020.3.24f1 (79c78de19888) revision 7980941'; Using compiler version '192528614'; Build Type 'Release'
OS: 'Windows 10  (10.0.19042) 64bit Core' Language: 'en' Physical Memory: 16256 MB
BatchMode: 1, IsHumanControllingUs: 0, StartBugReporterOnCrash: 0, Is64bit: 1, IsPro: 0

COMMAND LINE ARGUMENTS:
C:\Program Files\Unity\Hub\Editor\2020.3.24f1\Editor\Unity.exe
-adb2
-batchMode
-noUpm
-name
AssetImportWorker1
-projectPath
C:/Users/Student-188/Desktop/January Project/Overgrown
-logFile
Logs/AssetImportWorker1.log
-srvPort
58551
Successfully changed project path to: C:/Users/Student-188/Desktop/January Project/Overgrown
C:/Users/Student-188/Desktop/January Project/Overgrown
Using Asset Import Pipeline V2.
Refreshing native plugins compatible for Editor in 53.38 ms, found 2 plugins.
Preloading 0 native plugins for Editor in 0.00 ms.
Initialize engine version: 2020.3.24f1 (79c78de19888)
[Subsystems] Discovering subsystems at path C:/Program Files/Unity/Hub/Editor/2020.3.24f1/Editor/Data/Resources/UnitySubsystems
[Subsystems] Discovering subsystems at path C:/Users/Student-188/Desktop/January Project/Overgrown/Assets
GfxDevice: creating device client; threaded=0
Direct3D:
    Version:  Direct3D 11.0 [level 11.1]
    Renderer: NVIDIA GeForce GTX 1060 (ID=0x1c20)
    Vendor:   
    VRAM:     6052 MB
    Driver:   26.21.14.4292
Initialize mono
Mono path[0] = 'C:/Program Files/Unity/Hub/Editor/2020.3.24f1/Editor/Data/Managed'
Mono path[1] = 'C:/Program Files/Unity/Hub/Editor/2020.3.24f1/Editor/Data/MonoBleedingEdge/lib/mono/unityjit'
Mono config path = 'C:/Program Files/Unity/Hub/Editor/2020.3.24f1/Editor/Data/MonoBleedingEdge/etc'
Using monoOptions --debugger-agent=transport=dt_socket,embedding=1,server=y,suspend=n,address=127.0.0.1:56096
Begin MonoManager ReloadAssembly
Registering precompiled unity dll's ...
Register platform support module: C:/Program Files/Unity/Hub/Editor/2020.3.24f1/Editor/Data/PlaybackEngines/WindowsStandaloneSupport/UnityEditor.WindowsStandalone.Extensions.dll
Registered in 0.003809 seconds.
Native extension for WindowsStandalone target not found
Refreshing native plugins compatible for Editor in 60.67 ms, found 2 plugins.
Preloading 0 native plugins for Editor in 0.00 ms.
Mono: successfully reloaded assembly
- Completed reload, in  0.904 seconds
Domain Reload Profiling:
	ReloadAssembly (904ms)
		BeginReloadAssembly (99ms)
			ExecutionOrderSort (0ms)
			DisableScriptedObjects (0ms)
			BackupInstance (0ms)
			ReleaseScriptingObjects (0ms)
			CreateAndSetChildDomain (1ms)
		EndReloadAssembly (702ms)
			LoadAssemblies (95ms)
			RebuildTransferFunctionScriptingTraits (0ms)
			SetupTypeCache (220ms)
			ReleaseScriptCaches (0ms)
			RebuildScriptCaches (47ms)
			SetupLoadedEditorAssemblies (263ms)
				LogAssemblyErrors (0ms)
				InitializePlatformSupportModulesInManaged (6ms)
				SetLoadedEditorAssemblies (0ms)
				RefreshPlugins (61ms)
				BeforeProcessingInitializeOnLoad (27ms)
				ProcessInitializeOnLoadAttributes (123ms)
				ProcessInitializeOnLoadMethodAttributes (44ms)
				AfterProcessingInitializeOnLoad (0ms)
				EditorAssembliesLoaded (0ms)
			ExecutionOrderSort2 (0ms)
			AwakeInstancesAfterBackupRestoration (0ms)
Platform modules already initialized, skipping
Registering precompiled user dll's ...
Registered in 0.008728 seconds.
Begin MonoManager ReloadAssembly
Native extension for WindowsStandalone target not found
Refreshing native plugins compatible for Editor in 0.61 ms, found 2 plugins.
Preloading 0 native plugins for Editor in 0.00 ms.
Mono: successfully reloaded assembly
- Completed reload, in  2.497 seconds
Domain Reload Profiling:
	ReloadAssembly (2503ms)
		BeginReloadAssembly (250ms)
			ExecutionOrderSort (0ms)
			DisableScriptedObjects (11ms)
			BackupInstance (0ms)
			ReleaseScriptingObjects (0ms)
			CreateAndSetChildDomain (25ms)
		EndReloadAssembly (2158ms)
			LoadAssemblies (147ms)
			RebuildTransferFunctionScriptingTraits (0ms)
			SetupTypeCache (400ms)
			ReleaseScriptCaches (0ms)
			RebuildScriptCaches (58ms)
			SetupLoadedEditorAssemblies (1406ms)
				LogAssemblyErrors (0ms)
				InitializePlatformSupportModulesInManaged (8ms)
				SetLoadedEditorAssemblies (1ms)
				RefreshPlugins (1ms)
				BeforeProcessingInitializeOnLoad (120ms)
				ProcessInitializeOnLoadAttributes (284ms)
				ProcessInitializeOnLoadMethodAttributes (975ms)
				AfterProcessingInitializeOnLoad (16ms)
				EditorAssembliesLoaded (0ms)
			ExecutionOrderSort2 (0ms)
			AwakeInstancesAfterBackupRestoration (8ms)
Platform modules already initialized, skipping
========================================================================
Worker process is ready to serve import requests
Launched and connected shader compiler UnityShaderCompiler.exe after 0.23 seconds
Refreshing native plugins compatible for Editor in 0.40 ms, found 2 plugins.
Preloading 0 native plugins for Editor in 0.00 ms.
Unloading 1520 Unused Serialized files (Serialized files now loaded: 0)
System memory in use before: 68.4 MB.
System memory in use after: 68.5 MB.

Unloading 18 unused Assets to reduce memory usage. Loaded Objects now: 1956.
Total: 3.743200 ms (FindLiveObjects: 0.220800 ms CreateObjectMapping: 0.070600 ms MarkObjects: 3.405400 ms  DeleteObjects: 0.045000 ms)

AssetImportParameters requested are different than current active one (requested -> active):
  custom:framework-win-MediaFoundation: 216162199b28c13a410421893ffa2e32 -> 
  custom:video-decoder-ogg-theora: a1e56fd34408186e4bbccfd4996cb3dc -> 
  custom:container-muxer-webm: aa71ff27fc2769a1b78a27578f13a17b -> 
  custom:container-demuxer-webm: 4f35f7cbe854078d1ac9338744f61a02 -> 
  custom:container-demuxer-ogg: 62fdf1f143b41e24485cea50d1cbac27 -> 
  custom:video-encoder-webm-vp8: eb34c28f22e8b96e1ab97ce403110664 -> 
  custom:video-codec-MediaFoundation-h265: 746d11721c4dcdbdad8f713fa42b33f4 -> 
  custom:video-decoder-webm-vp8: 9c59270c3fd7afecdb556c50c9e8de78 -> 
  custom:audio-decoder-ogg-vorbis: bf7c407c2cedff20999df2af8eb42d56 -> 
  custom:audio-encoder-webm-vorbis: bf7c407c2cedff20999df2af8eb42d56 -> 
========================================================================
Received Import Request.
  path: Assets/Prefabs/Plane.prefab
  artifactKey: Guid(0f33d345f320aa94ebb1ecc753bc10ca) Importer(815301076,1909f56bfc062723c751e8b465ee728b)
Start importing Assets/Prefabs/Plane.prefab using Guid(0f33d345f320aa94ebb1ecc753bc10ca) Importer(815301076,1909f56bfc062723c751e8b465ee728b)  -> (artifact id: 'a52324f5a2d2bfcfc9f788df117fa641') in 0.181456 seconds 
  Import took 0.185107 seconds .

========================================================================
Received Import Request.
  Time since last request: 0.962795 seconds.
  path: Assets/Prefabs/Plane.prefab
  artifactKey: Guid(0f33d345f320aa94ebb1ecc753bc10ca) Importer(815301076,1909f56bfc062723c751e8b465ee728b)
Start importing Assets/Prefabs/Plane.prefab using Guid(0f33d345f320aa94ebb1ecc753bc10ca) Importer(815301076,1909f56bfc062723c751e8b465ee728b)  -> (artifact id: 'ccd0a56161501023ed71d86ab9adc3d2') in 0.019858 seconds 
  Import took 0.024874 seconds .

========================================================================
Received Import Request.
  Time since last request: 12.643316 seconds.
  path: Assets/Prefabs/Plane.prefab
  artifactKey: Guid(0f33d345f320aa94ebb1ecc753bc10ca) Importer(815301076,1909f56bfc062723c751e8b465ee728b)
Start importing Assets/Prefabs/Plane.prefab using Guid(0f33d345f320aa94ebb1ecc753bc10ca) Importer(815301076,1909f56bfc062723c751e8b465ee728b)  -> (artifact id: '81a2b07c17d8d296ee85f5e55fa26a66') in 0.017250 seconds 
  Import took 0.021668 seconds .

========================================================================
Received Import Request.
  Time since last request: 4.758489 seconds.
  path: Assets/Prefabs/Plane.prefab
  artifactKey: Guid(0f33d345f320aa94ebb1ecc753bc10ca) Importer(815301076,1909f56bfc062723c751e8b465ee728b)
Start importing Assets/Prefabs/Plane.prefab using Guid(0f33d345f320aa94ebb1ecc753bc10ca) Importer(815301076,1909f56bfc062723c751e8b465ee728b)  -> (artifact id: 'de476fdec2b68e32905a473d263bb731') in 0.015695 seconds 
  Import took 0.020065 seconds .

========================================================================
Received Import Request.
  Time since last request: 15.527698 seconds.
  path: Assets/Prefabs/Plane.prefab
  artifactKey: Guid(0f33d345f320aa94ebb1ecc753bc10ca) Importer(815301076,1909f56bfc062723c751e8b465ee728b)
Start importing Assets/Prefabs/Plane.prefab using Guid(0f33d345f320aa94ebb1ecc753bc10ca) Importer(815301076,1909f56bfc062723c751e8b465ee728b)  -> (artifact id: 'edf58dcb37468f92468ead4ece46983a') in 0.016952 seconds 
  Import took 0.020494 seconds .

========================================================================
Received Import Request.
  Time since last request: 7.647432 seconds.
  path: Assets/Prefabs/Plane.prefab
  artifactKey: Guid(0f33d345f320aa94ebb1ecc753bc10ca) Importer(815301076,1909f56bfc062723c751e8b465ee728b)
Start importing Assets/Prefabs/Plane.prefab using Guid(0f33d345f320aa94ebb1ecc753bc10ca) Importer(815301076,1909f56bfc062723c751e8b465ee728b)  -> (artifact id: '6ff26d9d2983c291b05a44a7328b8553') in 0.015710 seconds 
  Import took 0.019199 seconds .

========================================================================
Received Import Request.
  Time since last request: 7.313403 seconds.
  path: Assets/Prefabs/Plane.prefab
  artifactKey: Guid(0f33d345f320aa94ebb1ecc753bc10ca) Importer(815301076,1909f56bfc062723c751e8b465ee728b)
Start importing Assets/Prefabs/Plane.prefab using Guid(0f33d345f320aa94ebb1ecc753bc10ca) Importer(815301076,1909f56bfc062723c751e8b465ee728b)  -> (artifact id: '9a82ea46ff0a949ef744ccdbd12f371f') in 0.014446 seconds 
  Import took 0.017730 seconds .

========================================================================
Received Import Request.
  Time since last request: 8.581805 seconds.
  path: Assets/Prefabs/Plane.prefab
  artifactKey: Guid(0f33d345f320aa94ebb1ecc753bc10ca) Importer(815301076,1909f56bfc062723c751e8b465ee728b)
Start importing Assets/Prefabs/Plane.prefab using Guid(0f33d345f320aa94ebb1ecc753bc10ca) Importer(815301076,1909f56bfc062723c751e8b465ee728b)  -> (artifact id: '48b1e8aebfc3919810d41798e5294e77') in 0.015784 seconds 
  Import took 0.019356 seconds .

========================================================================
Received Import Request.
  Time since last request: 9.579991 seconds.
  path: Assets/Prefabs/Plane.prefab
  artifactKey: Guid(0f33d345f320aa94ebb1ecc753bc10ca) Importer(815301076,1909f56bfc062723c751e8b465ee728b)
Start importing Assets/Prefabs/Plane.prefab using Guid(0f33d345f320aa94ebb1ecc753bc10ca) Importer(815301076,1909f56bfc062723c751e8b465ee728b)  -> (artifact id: 'e2d44b114edeb6e2d8c6db2b7fde2909') in 0.015745 seconds 
  Import took 0.019285 seconds .

========================================================================
Received Import Request.
  Time since last request: 8.530506 seconds.
  path: Assets/Prefabs/Plane.prefab
  artifactKey: Guid(0f33d345f320aa94ebb1ecc753bc10ca) Importer(815301076,1909f56bfc062723c751e8b465ee728b)
Start importing Assets/Prefabs/Plane.prefab using Guid(0f33d345f320aa94ebb1ecc753bc10ca) Importer(815301076,1909f56bfc062723c751e8b465ee728b)  -> (artifact id: 'f6207e024ad2ee305a632830ce6b4350') in 0.017438 seconds 
  Import took 0.021104 seconds .

========================================================================
Received Import Request.
  Time since last request: 9.311630 seconds.
  path: Assets/Prefabs/Plane.prefab
  artifactKey: Guid(0f33d345f320aa94ebb1ecc753bc10ca) Importer(815301076,1909f56bfc062723c751e8b465ee728b)
Start importing Assets/Prefabs/Plane.prefab using Guid(0f33d345f320aa94ebb1ecc753bc10ca) Importer(815301076,1909f56bfc062723c751e8b465ee728b)  -> (artifact id: '11a5be1f5b08588ed4cc56119e32009b') in 0.015567 seconds 
  Import took 0.018940 seconds .

========================================================================
Received Import Request.
  Time since last request: 7.164033 seconds.
  path: Assets/Prefabs/Plane.prefab
  artifactKey: Guid(0f33d345f320aa94ebb1ecc753bc10ca) Importer(815301076,1909f56bfc062723c751e8b465ee728b)
Start importing Assets/Prefabs/Plane.prefab using Guid(0f33d345f320aa94ebb1ecc753bc10ca) Importer(815301076,1909f56bfc062723c751e8b465ee728b)  -> (artifact id: '1a2173c3181958c7311f691525a411a6') in 0.016607 seconds 
  Import took 0.020250 seconds .

========================================================================
Received Import Request.
  Time since last request: 4.467453 seconds.
  path: Assets/Prefabs/Plane.prefab
  artifactKey: Guid(0f33d345f320aa94ebb1ecc753bc10ca) Importer(815301076,1909f56bfc062723c751e8b465ee728b)
Start importing Assets/Prefabs/Plane.prefab using Guid(0f33d345f320aa94ebb1ecc753bc10ca) Importer(815301076,1909f56bfc062723c751e8b465ee728b)  -> (artifact id: 'f1457db9d72acad44c69851119852e0a') in 0.015918 seconds 
  Import took 0.019741 seconds .

========================================================================
Received Import Request.
  Time since last request: 23.574604 seconds.
  path: Assets/Prefabs/Plane.prefab
  artifactKey: Guid(0f33d345f320aa94ebb1ecc753bc10ca) Importer(815301076,1909f56bfc062723c751e8b465ee728b)
Start importing Assets/Prefabs/Plane.prefab using Guid(0f33d345f320aa94ebb1ecc753bc10ca) Importer(815301076,1909f56bfc062723c751e8b465ee728b)  -> (artifact id: '9e9ae3a434869f7dc31ce7048a789d43') in 0.027205 seconds 
  Import took 0.031268 seconds .

========================================================================
Received Import Request.
  Time since last request: 3.867932 seconds.
  path: Assets/Prefabs/Plane.prefab
  artifactKey: Guid(0f33d345f320aa94ebb1ecc753bc10ca) Importer(815301076,1909f56bfc062723c751e8b465ee728b)
Start importing Assets/Prefabs/Plane.prefab using Guid(0f33d345f320aa94ebb1ecc753bc10ca) Importer(815301076,1909f56bfc062723c751e8b465ee728b)  -> (artifact id: '4cbda43a3bf557ad817ddfd2ceac9529') in 0.015067 seconds 
  Import took 0.018781 seconds .

========================================================================
Received Import Request.
  Time since last request: 22.963681 seconds.
  path: Assets/Prefabs/Plane.prefab
  artifactKey: Guid(0f33d345f320aa94ebb1ecc753bc10ca) Importer(815301076,1909f56bfc062723c751e8b465ee728b)
Start importing Assets/Prefabs/Plane.prefab using Guid(0f33d345f320aa94ebb1ecc753bc10ca) Importer(815301076,1909f56bfc062723c751e8b465ee728b)  -> (artifact id: '0808fd3ac05e7b82d310d426da6a1978') in 0.015425 seconds 
  Import took 0.018740 seconds .

========================================================================
Received Import Request.
  Time since last request: 5.147498 seconds.
  path: Assets/Prefabs/Plane.prefab
  artifactKey: Guid(0f33d345f320aa94ebb1ecc753bc10ca) Importer(815301076,1909f56bfc062723c751e8b465ee728b)
Start importing Assets/Prefabs/Plane.prefab using Guid(0f33d345f320aa94ebb1ecc753bc10ca) Importer(815301076,1909f56bfc062723c751e8b465ee728b)  -> (artifact id: '38665d95db7cad30b6d969b9fffaf432') in 0.015712 seconds 
  Import took 0.019163 seconds .

========================================================================
Received Import Request.
  Time since last request: 5.963966 seconds.
  path: Assets/Prefabs/Plane.prefab
  artifactKey: Guid(0f33d345f320aa94ebb1ecc753bc10ca) Importer(815301076,1909f56bfc062723c751e8b465ee728b)
Start importing Assets/Prefabs/Plane.prefab using Guid(0f33d345f320aa94ebb1ecc753bc10ca) Importer(815301076,1909f56bfc062723c751e8b465ee728b)  -> (artifact id: '2800b998cc13fb3efda90de7604a80fa') in 0.015162 seconds 
  Import took 0.018752 seconds .

========================================================================
Received Import Request.
  Time since last request: 3.464082 seconds.
  path: Assets/Prefabs/Plane.prefab
  artifactKey: Guid(0f33d345f320aa94ebb1ecc753bc10ca) Importer(815301076,1909f56bfc062723c751e8b465ee728b)
Start importing Assets/Prefabs/Plane.prefab using Guid(0f33d345f320aa94ebb1ecc753bc10ca) Importer(815301076,1909f56bfc062723c751e8b465ee728b)  -> (artifact id: 'f984596ecf3f5bfc76aa7668518c9479') in 0.015838 seconds 
  Import took 0.019131 seconds .

========================================================================
Received Import Request.
  Time since last request: 20.196589 seconds.
  path: Assets/Prefabs/Plane.prefab
  artifactKey: Guid(0f33d345f320aa94ebb1ecc753bc10ca) Importer(815301076,1909f56bfc062723c751e8b465ee728b)
Start importing Assets/Prefabs/Plane.prefab using Guid(0f33d345f320aa94ebb1ecc753bc10ca) Importer(815301076,1909f56bfc062723c751e8b465ee728b)  -> (artifact id: '0dd6e9f7b713a2c6b0676e7c31c9e4c0') in 0.014335 seconds 
  Import took 0.017706 seconds .

========================================================================
Received Import Request.
  Time since last request: 4.342841 seconds.
  path: Assets/Prefabs/Plane.prefab
  artifactKey: Guid(0f33d345f320aa94ebb1ecc753bc10ca) Importer(815301076,1909f56bfc062723c751e8b465ee728b)
Start importing Assets/Prefabs/Plane.prefab using Guid(0f33d345f320aa94ebb1ecc753bc10ca) Importer(815301076,1909f56bfc062723c751e8b465ee728b)  -> (artifact id: '34ed6188ae161049dcf6ddfba53b9f6a') in 0.015818 seconds 
  Import took 0.019757 seconds .

========================================================================
Received Import Request.
  Time since last request: 2.202333 seconds.
  path: Assets/Prefabs/Plane.prefab
  artifactKey: Guid(0f33d345f320aa94ebb1ecc753bc10ca) Importer(815301076,1909f56bfc062723c751e8b465ee728b)
Start importing Assets/Prefabs/Plane.prefab using Guid(0f33d345f320aa94ebb1ecc753bc10ca) Importer(815301076,1909f56bfc062723c751e8b465ee728b)  -> (artifact id: 'b9a16aa3149c6c31dbe7f132bffc8bfe') in 0.015717 seconds 
  Import took 0.019479 seconds .

========================================================================
Received Import Request.
  Time since last request: 2.097094 seconds.
  path: Assets/Prefabs/Plane.prefab
  artifactKey: Guid(0f33d345f320aa94ebb1ecc753bc10ca) Importer(815301076,1909f56bfc062723c751e8b465ee728b)
Start importing Assets/Prefabs/Plane.prefab using Guid(0f33d345f320aa94ebb1ecc753bc10ca) Importer(815301076,1909f56bfc062723c751e8b465ee728b)  -> (artifact id: 'ea805dfd3b168dee3a483d686e026671') in 0.018335 seconds 
  Import took 0.021934 seconds .

========================================================================
Received Import Request.
  Time since last request: 2.477746 seconds.
  path: Assets/Prefabs/Plane.prefab
  artifactKey: Guid(0f33d345f320aa94ebb1ecc753bc10ca) Importer(815301076,1909f56bfc062723c751e8b465ee728b)
Start importing Assets/Prefabs/Plane.prefab using Guid(0f33d345f320aa94ebb1ecc753bc10ca) Importer(815301076,1909f56bfc062723c751e8b465ee728b)  -> (artifact id: '62fdd74e91369c424b57d326fd666a70') in 0.016746 seconds 
  Import took 0.020983 seconds .

========================================================================
Received Import Request.
  Time since last request: 1.978815 seconds.
  path: Assets/Prefabs/Plane.prefab
  artifactKey: Guid(0f33d345f320aa94ebb1ecc753bc10ca) Importer(815301076,1909f56bfc062723c751e8b465ee728b)
Start importing Assets/Prefabs/Plane.prefab using Guid(0f33d345f320aa94ebb1ecc753bc10ca) Importer(815301076,1909f56bfc062723c751e8b465ee728b)  -> (artifact id: '882d78c1e801937dfc1871f4fb8e0e64') in 0.015824 seconds 
  Import took 0.019382 seconds .

========================================================================
Received Import Request.
  Time since last request: 1.913750 seconds.
  path: Assets/Prefabs/Plane.prefab
  artifactKey: Guid(0f33d345f320aa94ebb1ecc753bc10ca) Importer(815301076,1909f56bfc062723c751e8b465ee728b)
Start importing Assets/Prefabs/Plane.prefab using Guid(0f33d345f320aa94ebb1ecc753bc10ca) Importer(815301076,1909f56bfc062723c751e8b465ee728b)  -> (artifact id: '5249d6f029c0dee3c3f34646bb37ebf7') in 0.015942 seconds 
  Import took 0.019689 seconds .

========================================================================
Received Import Request.
  Time since last request: 2.113472 seconds.
  path: Assets/Prefabs/Plane.prefab
  artifactKey: Guid(0f33d345f320aa94ebb1ecc753bc10ca) Importer(815301076,1909f56bfc062723c751e8b465ee728b)
Start importing Assets/Prefabs/Plane.prefab using Guid(0f33d345f320aa94ebb1ecc753bc10ca) Importer(815301076,1909f56bfc062723c751e8b465ee728b)  -> (artifact id: '27b8c70b3010b0f55d6909c7e981e2c0') in 0.015766 seconds 
  Import took 0.019323 seconds .

========================================================================
Received Import Request.
  Time since last request: 2.531308 seconds.
  path: Assets/Prefabs/Plane.prefab
  artifactKey: Guid(0f33d345f320aa94ebb1ecc753bc10ca) Importer(815301076,1909f56bfc062723c751e8b465ee728b)
Start importing Assets/Prefabs/Plane.prefab using Guid(0f33d345f320aa94ebb1ecc753bc10ca) Importer(815301076,1909f56bfc062723c751e8b465ee728b)  -> (artifact id: 'fc07502ad09ee64145eb169aeb6aa5d0') in 0.016130 seconds 
  Import took 0.019502 seconds .

========================================================================
Received Import Request.
  Time since last request: 2.305161 seconds.
  path: Assets/Prefabs/Plane.prefab
  artifactKey: Guid(0f33d345f320aa94ebb1ecc753bc10ca) Importer(815301076,1909f56bfc062723c751e8b465ee728b)
Start importing Assets/Prefabs/Plane.prefab using Guid(0f33d345f320aa94ebb1ecc753bc10ca) Importer(815301076,1909f56bfc062723c751e8b465ee728b)  -> (artifact id: '8d774596b301f0031919f5ddec9b9ae3') in 0.015836 seconds 
  Import took 0.019748 seconds .

========================================================================
Received Import Request.
  Time since last request: 2.961283 seconds.
  path: Assets/Prefabs/Plane.prefab
  artifactKey: Guid(0f33d345f320aa94ebb1ecc753bc10ca) Importer(815301076,1909f56bfc062723c751e8b465ee728b)
Start importing Assets/Prefabs/Plane.prefab using Guid(0f33d345f320aa94ebb1ecc753bc10ca) Importer(815301076,1909f56bfc062723c751e8b465ee728b)  -> (artifact id: '7cc273327f9bb90ed6f2f27bcec9a68a') in 0.018721 seconds 
  Import took 0.023092 seconds .

========================================================================
Received Import Request.
  Time since last request: 2.152970 seconds.
  path: Assets/Prefabs/Plane.prefab
  artifactKey: Guid(0f33d345f320aa94ebb1ecc753bc10ca) Importer(815301076,1909f56bfc062723c751e8b465ee728b)
Start importing Assets/Prefabs/Plane.prefab using Guid(0f33d345f320aa94ebb1ecc753bc10ca) Importer(815301076,1909f56bfc062723c751e8b465ee728b)  -> (artifact id: '5caea19b7baa3e82e00c1a3b8559b69b') in 0.015549 seconds 
  Import took 0.019782 seconds .

========================================================================
Received Import Request.
  Time since last request: 1.929725 seconds.
  path: Assets/Prefabs/Plane.prefab
  artifactKey: Guid(0f33d345f320aa94ebb1ecc753bc10ca) Importer(815301076,1909f56bfc062723c751e8b465ee728b)
Start importing Assets/Prefabs/Plane.prefab using Guid(0f33d345f320aa94ebb1ecc753bc10ca) Importer(815301076,1909f56bfc062723c751e8b465ee728b)  -> (artifact id: 'b1e6632abfd8752ae81e9f05b913751a') in 0.017490 seconds 
  Import took 0.021037 seconds .

========================================================================
Received Import Request.
  Time since last request: 1.946141 seconds.
  path: Assets/Prefabs/Plane.prefab
  artifactKey: Guid(0f33d345f320aa94ebb1ecc753bc10ca) Importer(815301076,1909f56bfc062723c751e8b465ee728b)
Start importing Assets/Prefabs/Plane.prefab using Guid(0f33d345f320aa94ebb1ecc753bc10ca) Importer(815301076,1909f56bfc062723c751e8b465ee728b)  -> (artifact id: '80e4fd2605e07b07537b7a6ec0e48803') in 0.016659 seconds 
  Import took 0.020061 seconds .

========================================================================
Received Import Request.
  Time since last request: 2.938257 seconds.
  path: Assets/Prefabs/Plane.prefab
  artifactKey: Guid(0f33d345f320aa94ebb1ecc753bc10ca) Importer(815301076,1909f56bfc062723c751e8b465ee728b)
Start importing Assets/Prefabs/Plane.prefab using Guid(0f33d345f320aa94ebb1ecc753bc10ca) Importer(815301076,1909f56bfc062723c751e8b465ee728b)  -> (artifact id: '66544bfe29d400f130055f354a8f6fa4') in 0.017251 seconds 
  Import took 0.020868 seconds .

========================================================================
Received Import Request.
  Time since last request: 3.378559 seconds.
  path: Assets/Prefabs/Plane.prefab
  artifactKey: Guid(0f33d345f320aa94ebb1ecc753bc10ca) Importer(815301076,1909f56bfc062723c751e8b465ee728b)
Start importing Assets/Prefabs/Plane.prefab using Guid(0f33d345f320aa94ebb1ecc753bc10ca) Importer(815301076,1909f56bfc062723c751e8b465ee728b)  -> (artifact id: '478f07e4cb1773e808a73e5f797cb2b3') in 0.015267 seconds 
  Import took 0.019140 seconds .

========================================================================
Received Import Request.
  Time since last request: 3.388083 seconds.
  path: Assets/Prefabs/Plane.prefab
  artifactKey: Guid(0f33d345f320aa94ebb1ecc753bc10ca) Importer(815301076,1909f56bfc062723c751e8b465ee728b)
Start importing Assets/Prefabs/Plane.prefab using Guid(0f33d345f320aa94ebb1ecc753bc10ca) Importer(815301076,1909f56bfc062723c751e8b465ee728b)  -> (artifact id: '5f7a202a01c3909c129540836f76c415') in 0.016472 seconds 
  Import took 0.019881 seconds .

========================================================================
Received Import Request.
  Time since last request: 1.596639 seconds.
  path: Assets/Prefabs/Plane.prefab
  artifactKey: Guid(0f33d345f320aa94ebb1ecc753bc10ca) Importer(815301076,1909f56bfc062723c751e8b465ee728b)
Start importing Assets/Prefabs/Plane.prefab using Guid(0f33d345f320aa94ebb1ecc753bc10ca) Importer(815301076,1909f56bfc062723c751e8b465ee728b)  -> (artifact id: 'd4c77ae1d7779829fd73f56a9b8ca98b') in 0.016859 seconds 
  Import took 0.020277 seconds .

========================================================================
Received Import Request.
  Time since last request: 1.862942 seconds.
  path: Assets/Prefabs/Plane.prefab
  artifactKey: Guid(0f33d345f320aa94ebb1ecc753bc10ca) Importer(815301076,1909f56bfc062723c751e8b465ee728b)
Start importing Assets/Prefabs/Plane.prefab using Guid(0f33d345f320aa94ebb1ecc753bc10ca) Importer(815301076,1909f56bfc062723c751e8b465ee728b)  -> (artifact id: '7a93594fd63b557d051edfc1603fc34b') in 0.017610 seconds 
  Import took 0.021364 seconds .

========================================================================
Received Import Request.
  Time since last request: 2.195493 seconds.
  path: Assets/Prefabs/Plane.prefab
  artifactKey: Guid(0f33d345f320aa94ebb1ecc753bc10ca) Importer(815301076,1909f56bfc062723c751e8b465ee728b)
Start importing Assets/Prefabs/Plane.prefab using Guid(0f33d345f320aa94ebb1ecc753bc10ca) Importer(815301076,1909f56bfc062723c751e8b465ee728b)  -> (artifact id: '7df4f25211aa8f5104a914f43fd50f56') in 0.016287 seconds 
  Import took 0.019828 seconds .

========================================================================
Received Import Request.
  Time since last request: 2.570246 seconds.
  path: Assets/Prefabs/Plane.prefab
  artifactKey: Guid(0f33d345f320aa94ebb1ecc753bc10ca) Importer(815301076,1909f56bfc062723c751e8b465ee728b)
Start importing Assets/Prefabs/Plane.prefab using Guid(0f33d345f320aa94ebb1ecc753bc10ca) Importer(815301076,1909f56bfc062723c751e8b465ee728b)  -> (artifact id: 'e9c9e7c0c072acc266c8e1a4b3440952') in 0.016138 seconds 
  Import took 0.019736 seconds .

========================================================================
Received Import Request.
  Time since last request: 3.218261 seconds.
  path: Assets/Prefabs/Plane.prefab
  artifactKey: Guid(0f33d345f320aa94ebb1ecc753bc10ca) Importer(815301076,1909f56bfc062723c751e8b465ee728b)
Start importing Assets/Prefabs/Plane.prefab using Guid(0f33d345f320aa94ebb1ecc753bc10ca) Importer(815301076,1909f56bfc062723c751e8b465ee728b)  -> (artifact id: '44c38ef88502910fd35228afb951004f') in 0.016366 seconds 
  Import took 0.020085 seconds .

========================================================================
Received Import Request.
  Time since last request: 2.940211 seconds.
  path: Assets/Prefabs/Plane.prefab
  artifactKey: Guid(0f33d345f320aa94ebb1ecc753bc10ca) Importer(815301076,1909f56bfc062723c751e8b465ee728b)
Start importing Assets/Prefabs/Plane.prefab using Guid(0f33d345f320aa94ebb1ecc753bc10ca) Importer(815301076,1909f56bfc062723c751e8b465ee728b)  -> (artifact id: '31603d7c6e92efe5b0ff7e22788e29a3') in 0.016045 seconds 
  Import took 0.019589 seconds .

========================================================================
Received Import Request.
  Time since last request: 3.137865 seconds.
  path: Assets/Prefabs/Plane.prefab
  artifactKey: Guid(0f33d345f320aa94ebb1ecc753bc10ca) Importer(815301076,1909f56bfc062723c751e8b465ee728b)
Start importing Assets/Prefabs/Plane.prefab using Guid(0f33d345f320aa94ebb1ecc753bc10ca) Importer(815301076,1909f56bfc062723c751e8b465ee728b)  -> (artifact id: 'b68fb4e7ef1a19409ae5973ad4886996') in 0.015212 seconds 
  Import took 0.018910 seconds .

========================================================================
Received Import Request.
  Time since last request: 3.404392 seconds.
  path: Assets/Prefabs/Plane.prefab
  artifactKey: Guid(0f33d345f320aa94ebb1ecc753bc10ca) Importer(815301076,1909f56bfc062723c751e8b465ee728b)
Start importing Assets/Prefabs/Plane.prefab using Guid(0f33d345f320aa94ebb1ecc753bc10ca) Importer(815301076,1909f56bfc062723c751e8b465ee728b)  -> (artifact id: 'd24d5fd31fd9bc45c40aa223543587d1') in 0.016221 seconds 
  Import took 0.019890 seconds .

========================================================================
Received Import Request.
  Time since last request: 3.624881 seconds.
  path: Assets/Prefabs/Plane.prefab
  artifactKey: Guid(0f33d345f320aa94ebb1ecc753bc10ca) Importer(815301076,1909f56bfc062723c751e8b465ee728b)
Start importing Assets/Prefabs/Plane.prefab using Guid(0f33d345f320aa94ebb1ecc753bc10ca) Importer(815301076,1909f56bfc062723c751e8b465ee728b)  -> (artifact id: '60e7bd97aec539772d1230248e1311a1') in 0.016967 seconds 
  Import took 0.020935 seconds .

========================================================================
Received Import Request.
  Time since last request: 2.429146 seconds.
  path: Assets/Prefabs/Plane.prefab
  artifactKey: Guid(0f33d345f320aa94ebb1ecc753bc10ca) Importer(815301076,1909f56bfc062723c751e8b465ee728b)
Start importing Assets/Prefabs/Plane.prefab using Guid(0f33d345f320aa94ebb1ecc753bc10ca) Importer(815301076,1909f56bfc062723c751e8b465ee728b)  -> (artifact id: 'a2755cf8945364405aadce578451e45c') in 0.016321 seconds 
  Import took 0.019952 seconds .

========================================================================
Received Import Request.
  Time since last request: 3.438729 seconds.
  path: Assets/Prefabs/Plane.prefab
  artifactKey: Guid(0f33d345f320aa94ebb1ecc753bc10ca) Importer(815301076,1909f56bfc062723c751e8b465ee728b)
Start importing Assets/Prefabs/Plane.prefab using Guid(0f33d345f320aa94ebb1ecc753bc10ca) Importer(815301076,1909f56bfc062723c751e8b465ee728b)  -> (artifact id: 'b45b5957afc00e31dd205c54a1d0aa8d') in 0.015936 seconds 
  Import took 0.019503 seconds .

========================================================================
Received Import Request.
  Time since last request: 2.519596 seconds.
  path: Assets/Prefabs/Plane.prefab
  artifactKey: Guid(0f33d345f320aa94ebb1ecc753bc10ca) Importer(815301076,1909f56bfc062723c751e8b465ee728b)
Start importing Assets/Prefabs/Plane.prefab using Guid(0f33d345f320aa94ebb1ecc753bc10ca) Importer(815301076,1909f56bfc062723c751e8b465ee728b)  -> (artifact id: '43f07b6a69dde58533668cb37ae9b4e2') in 0.017529 seconds 
  Import took 0.021021 seconds .

========================================================================
Received Import Request.
  Time since last request: 2.686122 seconds.
  path: Assets/Prefabs/Plane.prefab
  artifactKey: Guid(0f33d345f320aa94ebb1ecc753bc10ca) Importer(815301076,1909f56bfc062723c751e8b465ee728b)
Start importing Assets/Prefabs/Plane.prefab using Guid(0f33d345f320aa94ebb1ecc753bc10ca) Importer(815301076,1909f56bfc062723c751e8b465ee728b)  -> (artifact id: '1ecb00db64dd87e69e3eb36854a6309d') in 0.017564 seconds 
  Import took 0.021361 seconds .

========================================================================
Received Import Request.
  Time since last request: 3.636586 seconds.
  path: Assets/Prefabs/Plane.prefab
  artifactKey: Guid(0f33d345f320aa94ebb1ecc753bc10ca) Importer(815301076,1909f56bfc062723c751e8b465ee728b)
Start importing Assets/Prefabs/Plane.prefab using Guid(0f33d345f320aa94ebb1ecc753bc10ca) Importer(815301076,1909f56bfc062723c751e8b465ee728b)  -> (artifact id: 'b9ff0fb99878e5eba5d4a62a1bbb4f27') in 0.015105 seconds 
  Import took 0.018758 seconds .

========================================================================
Received Import Request.
  Time since last request: 2.133433 seconds.
  path: Assets/Prefabs/Plane.prefab
  artifactKey: Guid(0f33d345f320aa94ebb1ecc753bc10ca) Importer(815301076,1909f56bfc062723c751e8b465ee728b)
Start importing Assets/Prefabs/Plane.prefab using Guid(0f33d345f320aa94ebb1ecc753bc10ca) Importer(815301076,1909f56bfc062723c751e8b465ee728b)  -> (artifact id: 'a055cf2ec4b2428553ed325228749391') in 0.017132 seconds 
  Import took 0.020839 seconds .

========================================================================
Received Import Request.
  Time since last request: 3.705462 seconds.
  path: Assets/Prefabs/Plane.prefab
  artifactKey: Guid(0f33d345f320aa94ebb1ecc753bc10ca) Importer(815301076,1909f56bfc062723c751e8b465ee728b)
Start importing Assets/Prefabs/Plane.prefab using Guid(0f33d345f320aa94ebb1ecc753bc10ca) Importer(815301076,1909f56bfc062723c751e8b465ee728b)  -> (artifact id: '1e3feeb52780c7ade255162187d50fd8') in 0.016984 seconds 
  Import took 0.020938 seconds .

========================================================================
Received Import Request.
  Time since last request: 3.932821 seconds.
  path: Assets/Prefabs/Plane.prefab
  artifactKey: Guid(0f33d345f320aa94ebb1ecc753bc10ca) Importer(815301076,1909f56bfc062723c751e8b465ee728b)
Start importing Assets/Prefabs/Plane.prefab using Guid(0f33d345f320aa94ebb1ecc753bc10ca) Importer(815301076,1909f56bfc062723c751e8b465ee728b)  -> (artifact id: '94a22936e0d799f5bf501da78dd245b5') in 0.016836 seconds 
  Import took 0.021083 seconds .

========================================================================
Received Import Request.
  Time since last request: 3.380846 seconds.
  path: Assets/Prefabs/Plane.prefab
  artifactKey: Guid(0f33d345f320aa94ebb1ecc753bc10ca) Importer(815301076,1909f56bfc062723c751e8b465ee728b)
Start importing Assets/Prefabs/Plane.prefab using Guid(0f33d345f320aa94ebb1ecc753bc10ca) Importer(815301076,1909f56bfc062723c751e8b465ee728b)  -> (artifact id: '12ae0cdd910a8c0ef4c61ce0f464eca5') in 0.015607 seconds 
  Import took 0.019397 seconds .

========================================================================
Received Prepare
Registering precompiled user dll's ...
Registered in 0.014733 seconds.
Begin MonoManager ReloadAssembly
Native extension for WindowsStandalone target not found
Refreshing native plugins compatible for Editor in 0.43 ms, found 2 plugins.
Preloading 0 native plugins for Editor in 0.00 ms.
Mono: successfully reloaded assembly
- Completed reload, in  1.505 seconds
Domain Reload Profiling:
	ReloadAssembly (1506ms)
		BeginReloadAssembly (184ms)
			ExecutionOrderSort (0ms)
			DisableScriptedObjects (7ms)
			BackupInstance (0ms)
			ReleaseScriptingObjects (0ms)
			CreateAndSetChildDomain (46ms)
		EndReloadAssembly (1222ms)
			LoadAssemblies (155ms)
			RebuildTransferFunctionScriptingTraits (0ms)
			SetupTypeCache (504ms)
			ReleaseScriptCaches (1ms)
			RebuildScriptCaches (52ms)
			SetupLoadedEditorAssemblies (405ms)
				LogAssemblyErrors (0ms)
				InitializePlatformSupportModulesInManaged (6ms)
				SetLoadedEditorAssemblies (1ms)
				RefreshPlugins (1ms)
				BeforeProcessingInitializeOnLoad (111ms)
				ProcessInitializeOnLoadAttributes (261ms)
				ProcessInitializeOnLoadMethodAttributes (13ms)
				AfterProcessingInitializeOnLoad (12ms)
				EditorAssembliesLoaded (0ms)
			ExecutionOrderSort2 (0ms)
			AwakeInstancesAfterBackupRestoration (9ms)
Platform modules already initialized, skipping
Refreshing native plugins compatible for Editor in 0.43 ms, found 2 plugins.
Preloading 0 native plugins for Editor in 0.00 ms.
Unloading 1514 Unused Serialized files (Serialized files now loaded: 0)
System memory in use before: 71.8 MB.
System memory in use after: 71.9 MB.

Unloading 15 unused Assets to reduce memory usage. Loaded Objects now: 1967.
Total: 3.492400 ms (FindLiveObjects: 0.177600 ms CreateObjectMapping: 0.057300 ms MarkObjects: 3.227000 ms  DeleteObjects: 0.029000 ms)

AssetImportParameters requested are different than current active one (requested -> active):
  custom:framework-win-MediaFoundation: 216162199b28c13a410421893ffa2e32 -> 
  custom:video-decoder-ogg-theora: a1e56fd34408186e4bbccfd4996cb3dc -> 
  custom:container-muxer-webm: aa71ff27fc2769a1b78a27578f13a17b -> 
  custom:container-demuxer-webm: 4f35f7cbe854078d1ac9338744f61a02 -> 
  custom:container-demuxer-ogg: 62fdf1f143b41e24485cea50d1cbac27 -> 
  custom:video-encoder-webm-vp8: eb34c28f22e8b96e1ab97ce403110664 -> 
  custom:video-codec-MediaFoundation-h265: 746d11721c4dcdbdad8f713fa42b33f4 -> 
  custom:video-decoder-webm-vp8: 9c59270c3fd7afecdb556c50c9e8de78 -> 
  custom:audio-decoder-ogg-vorbis: bf7c407c2cedff20999df2af8eb42d56 -> 
  custom:audio-encoder-webm-vorbis: bf7c407c2cedff20999df2af8eb42d56 -> 
========================================================================
Received Prepare
Registering precompiled user dll's ...
Registered in 0.009504 seconds.
Begin MonoManager ReloadAssembly
Native extension for WindowsStandalone target not found
Refreshing native plugins compatible for Editor in 0.39 ms, found 2 plugins.
Preloading 0 native plugins for Editor in 0.00 ms.
Mono: successfully reloaded assembly
- Completed reload, in  1.385 seconds
Domain Reload Profiling:
	ReloadAssembly (1386ms)
		BeginReloadAssembly (162ms)
			ExecutionOrderSort (0ms)
			DisableScriptedObjects (6ms)
			BackupInstance (0ms)
			ReleaseScriptingObjects (0ms)
			CreateAndSetChildDomain (41ms)
		EndReloadAssembly (1121ms)
			LoadAssemblies (145ms)
			RebuildTransferFunctionScriptingTraits (0ms)
			SetupTypeCache (419ms)
			ReleaseScriptCaches (1ms)
			RebuildScriptCaches (52ms)
			SetupLoadedEditorAssemblies (384ms)
				LogAssemblyErrors (0ms)
				InitializePlatformSupportModulesInManaged (6ms)
				SetLoadedEditorAssemblies (1ms)
				RefreshPlugins (0ms)
				BeforeProcessingInitializeOnLoad (106ms)
				ProcessInitializeOnLoadAttributes (247ms)
				ProcessInitializeOnLoadMethodAttributes (11ms)
				AfterProcessingInitializeOnLoad (12ms)
				EditorAssembliesLoaded (0ms)
			ExecutionOrderSort2 (0ms)
			AwakeInstancesAfterBackupRestoration (9ms)
Platform modules already initialized, skipping
Refreshing native plugins compatible for Editor in 0.40 ms, found 2 plugins.
Preloading 0 native plugins for Editor in 0.00 ms.
Unloading 1514 Unused Serialized files (Serialized files now loaded: 0)
System memory in use before: 71.9 MB.
System memory in use after: 72.0 MB.

Unloading 14 unused Assets to reduce memory usage. Loaded Objects now: 1969.
Total: 3.408100 ms (FindLiveObjects: 0.179700 ms CreateObjectMapping: 0.054400 ms MarkObjects: 3.151100 ms  DeleteObjects: 0.021500 ms)

AssetImportParameters requested are different than current active one (requested -> active):
  custom:framework-win-MediaFoundation: 216162199b28c13a410421893ffa2e32 -> 
  custom:video-decoder-ogg-theora: a1e56fd34408186e4bbccfd4996cb3dc -> 
  custom:container-muxer-webm: aa71ff27fc2769a1b78a27578f13a17b -> 
  custom:container-demuxer-webm: 4f35f7cbe854078d1ac9338744f61a02 -> 
  custom:container-demuxer-ogg: 62fdf1f143b41e24485cea50d1cbac27 -> 
  custom:video-encoder-webm-vp8: eb34c28f22e8b96e1ab97ce403110664 -> 
  custom:video-codec-MediaFoundation-h265: 746d11721c4dcdbdad8f713fa42b33f4 -> 
  custom:video-decoder-webm-vp8: 9c59270c3fd7afecdb556c50c9e8de78 -> 
  custom:audio-decoder-ogg-vorbis: bf7c407c2cedff20999df2af8eb42d56 -> 
  custom:audio-encoder-webm-vorbis: bf7c407c2cedff20999df2af8eb42d56 -> 
========================================================================
Received Prepare
Registering precompiled user dll's ...
Registered in 0.013526 seconds.
Begin MonoManager ReloadAssembly
Native extension for WindowsStandalone target not found
Refreshing native plugins compatible for Editor in 0.41 ms, found 2 plugins.
Preloading 0 native plugins for Editor in 0.00 ms.
Mono: successfully reloaded assembly
- Completed reload, in  2.036 seconds
Domain Reload Profiling:
	ReloadAssembly (2036ms)
		BeginReloadAssembly (206ms)
			ExecutionOrderSort (0ms)
			DisableScriptedObjects (7ms)
			BackupInstance (0ms)
			ReleaseScriptingObjects (0ms)
			CreateAndSetChildDomain (53ms)
		EndReloadAssembly (1695ms)
			LoadAssemblies (186ms)
			RebuildTransferFunctionScriptingTraits (0ms)
			SetupTypeCache (755ms)
			ReleaseScriptCaches (1ms)
			RebuildScriptCaches (84ms)
			SetupLoadedEditorAssemblies (484ms)
				LogAssemblyErrors (0ms)
				InitializePlatformSupportModulesInManaged (8ms)
				SetLoadedEditorAssemblies (1ms)
				RefreshPlugins (1ms)
				BeforeProcessingInitializeOnLoad (109ms)
				ProcessInitializeOnLoadAttributes (328ms)
				ProcessInitializeOnLoadMethodAttributes (20ms)
				AfterProcessingInitializeOnLoad (18ms)
				EditorAssembliesLoaded (0ms)
			ExecutionOrderSort2 (0ms)
			AwakeInstancesAfterBackupRestoration (12ms)
Platform modules already initialized, skipping
Refreshing native plugins compatible for Editor in 0.44 ms, found 2 plugins.
Preloading 0 native plugins for Editor in 0.00 ms.
Unloading 1514 Unused Serialized files (Serialized files now loaded: 0)
System memory in use before: 71.9 MB.
System memory in use after: 72.0 MB.

Unloading 14 unused Assets to reduce memory usage. Loaded Objects now: 1971.
Total: 7.235600 ms (FindLiveObjects: 0.302400 ms CreateObjectMapping: 0.140000 ms MarkObjects: 6.760500 ms  DeleteObjects: 0.030600 ms)

AssetImportParameters requested are different than current active one (requested -> active):
  custom:framework-win-MediaFoundation: 216162199b28c13a410421893ffa2e32 -> 
  custom:video-decoder-ogg-theora: a1e56fd34408186e4bbccfd4996cb3dc -> 
  custom:container-muxer-webm: aa71ff27fc2769a1b78a27578f13a17b -> 
  custom:container-demuxer-webm: 4f35f7cbe854078d1ac9338744f61a02 -> 
  custom:container-demuxer-ogg: 62fdf1f143b41e24485cea50d1cbac27 -> 
  custom:video-encoder-webm-vp8: eb34c28f22e8b96e1ab97ce403110664 -> 
  custom:video-codec-MediaFoundation-h265: 746d11721c4dcdbdad8f713fa42b33f4 -> 
  custom:video-decoder-webm-vp8: 9c59270c3fd7afecdb556c50c9e8de78 -> 
  custom:audio-decoder-ogg-vorbis: bf7c407c2cedff20999df2af8eb42d56 -> 
  custom:audio-encoder-webm-vorbis: bf7c407c2cedff20999df2af8eb42d56 -> 
========================================================================
Received Prepare
Registering precompiled user dll's ...
Registered in 0.008345 seconds.
Begin MonoManager ReloadAssembly
Native extension for WindowsStandalone target not found
Refreshing native plugins compatible for Editor in 0.42 ms, found 2 plugins.
Preloading 0 native plugins for Editor in 0.00 ms.
Mono: successfully reloaded assembly
- Completed reload, in  1.408 seconds
Domain Reload Profiling:
	ReloadAssembly (1408ms)
		BeginReloadAssembly (162ms)
			ExecutionOrderSort (0ms)
			DisableScriptedObjects (5ms)
			BackupInstance (0ms)
			ReleaseScriptingObjects (0ms)
			CreateAndSetChildDomain (37ms)
		EndReloadAssembly (1134ms)
			LoadAssemblies (134ms)
			RebuildTransferFunctionScriptingTraits (0ms)
			SetupTypeCache (454ms)
			ReleaseScriptCaches (1ms)
			RebuildScriptCaches (57ms)
			SetupLoadedEditorAssemblies (376ms)
				LogAssemblyErrors (0ms)
				InitializePlatformSupportModulesInManaged (6ms)
				SetLoadedEditorAssemblies (1ms)
				RefreshPlugins (1ms)
				BeforeProcessingInitializeOnLoad (103ms)
				ProcessInitializeOnLoadAttributes (241ms)
				ProcessInitializeOnLoadMethodAttributes (12ms)
				AfterProcessingInitializeOnLoad (13ms)
				EditorAssembliesLoaded (0ms)
			ExecutionOrderSort2 (0ms)
			AwakeInstancesAfterBackupRestoration (8ms)
Platform modules already initialized, skipping
Refreshing native plugins compatible for Editor in 0.56 ms, found 2 plugins.
Preloading 0 native plugins for Editor in 0.00 ms.
Unloading 1514 Unused Serialized files (Serialized files now loaded: 0)
System memory in use before: 71.9 MB.
System memory in use after: 72.0 MB.

Unloading 14 unused Assets to reduce memory usage. Loaded Objects now: 1973.
Total: 3.921500 ms (FindLiveObjects: 0.187500 ms CreateObjectMapping: 0.066000 ms MarkObjects: 3.642800 ms  DeleteObjects: 0.023800 ms)

AssetImportParameters requested are different than current active one (requested -> active):
  custom:framework-win-MediaFoundation: 216162199b28c13a410421893ffa2e32 -> 
  custom:video-decoder-ogg-theora: a1e56fd34408186e4bbccfd4996cb3dc -> 
  custom:container-muxer-webm: aa71ff27fc2769a1b78a27578f13a17b -> 
  custom:container-demuxer-webm: 4f35f7cbe854078d1ac9338744f61a02 -> 
  custom:container-demuxer-ogg: 62fdf1f143b41e24485cea50d1cbac27 -> 
  custom:video-encoder-webm-vp8: eb34c28f22e8b96e1ab97ce403110664 -> 
  custom:video-codec-MediaFoundation-h265: 746d11721c4dcdbdad8f713fa42b33f4 -> 
  custom:video-decoder-webm-vp8: 9c59270c3fd7afecdb556c50c9e8de78 -> 
  custom:audio-decoder-ogg-vorbis: bf7c407c2cedff20999df2af8eb42d56 -> 
  custom:audio-encoder-webm-vorbis: bf7c407c2cedff20999df2af8eb42d56 -> 
========================================================================
Received Prepare
Registering precompiled user dll's ...
Registered in 0.008221 seconds.
Begin MonoManager ReloadAssembly
Native extension for WindowsStandalone target not found
Refreshing native plugins compatible for Editor in 0.41 ms, found 2 plugins.
Preloading 0 native plugins for Editor in 0.00 ms.
Mono: successfully reloaded assembly
- Completed reload, in  1.525 seconds
Domain Reload Profiling:
	ReloadAssembly (1525ms)
		BeginReloadAssembly (188ms)
			ExecutionOrderSort (0ms)
			DisableScriptedObjects (9ms)
			BackupInstance (0ms)
			ReleaseScriptingObjects (0ms)
			CreateAndSetChildDomain (45ms)
		EndReloadAssembly (1232ms)
			LoadAssemblies (154ms)
			RebuildTransferFunctionScriptingTraits (0ms)
			SetupTypeCache (505ms)
			ReleaseScriptCaches (1ms)
			RebuildScriptCaches (55ms)
			SetupLoadedEditorAssemblies (403ms)
				LogAssemblyErrors (0ms)
				InitializePlatformSupportModulesInManaged (7ms)
				SetLoadedEditorAssemblies (1ms)
				RefreshPlugins (1ms)
				BeforeProcessingInitializeOnLoad (108ms)
				ProcessInitializeOnLoadAttributes (261ms)
				ProcessInitializeOnLoadMethodAttributes (12ms)
				AfterProcessingInitializeOnLoad (13ms)
				EditorAssembliesLoaded (0ms)
			ExecutionOrderSort2 (0ms)
			AwakeInstancesAfterBackupRestoration (10ms)
Platform modules already initialized, skipping
Refreshing native plugins compatible for Editor in 0.60 ms, found 2 plugins.
Preloading 0 native plugins for Editor in 0.00 ms.
Unloading 1514 Unused Serialized files (Serialized files now loaded: 0)
System memory in use before: 71.9 MB.
System memory in use after: 72.0 MB.

Unloading 14 unused Assets to reduce memory usage. Loaded Objects now: 1975.
Total: 4.022000 ms (FindLiveObjects: 0.192800 ms CreateObjectMapping: 0.055500 ms MarkObjects: 3.747300 ms  DeleteObjects: 0.025000 ms)

AssetImportParameters requested are different than current active one (requested -> active):
  custom:framework-win-MediaFoundation: 216162199b28c13a410421893ffa2e32 -> 
  custom:video-decoder-ogg-theora: a1e56fd34408186e4bbccfd4996cb3dc -> 
  custom:container-muxer-webm: aa71ff27fc2769a1b78a27578f13a17b -> 
  custom:container-demuxer-webm: 4f35f7cbe854078d1ac9338744f61a02 -> 
  custom:container-demuxer-ogg: 62fdf1f143b41e24485cea50d1cbac27 -> 
  custom:video-encoder-webm-vp8: eb34c28f22e8b96e1ab97ce403110664 -> 
  custom:video-codec-MediaFoundation-h265: 746d11721c4dcdbdad8f713fa42b33f4 -> 
  custom:video-decoder-webm-vp8: 9c59270c3fd7afecdb556c50c9e8de78 -> 
  custom:audio-decoder-ogg-vorbis: bf7c407c2cedff20999df2af8eb42d56 -> 
  custom:audio-encoder-webm-vorbis: bf7c407c2cedff20999df2af8eb42d56 -> 
========================================================================
Received Prepare
Registering precompiled user dll's ...
Registered in 0.010336 seconds.
Begin MonoManager ReloadAssembly
Native extension for WindowsStandalone target not found
Refreshing native plugins compatible for Editor in 0.39 ms, found 2 plugins.
Preloading 0 native plugins for Editor in 0.00 ms.
Mono: successfully reloaded assembly
- Completed reload, in  1.396 seconds
Domain Reload Profiling:
	ReloadAssembly (1396ms)
		BeginReloadAssembly (174ms)
			ExecutionOrderSort (0ms)
			DisableScriptedObjects (6ms)
			BackupInstance (0ms)
			ReleaseScriptingObjects (0ms)
			CreateAndSetChildDomain (44ms)
		EndReloadAssembly (1116ms)
			LoadAssemblies (144ms)
			RebuildTransferFunctionScriptingTraits (0ms)
			SetupTypeCache (425ms)
			ReleaseScriptCaches (1ms)
			RebuildScriptCaches (50ms)
			SetupLoadedEditorAssemblies (379ms)
				LogAssemblyErrors (0ms)
				InitializePlatformSupportModulesInManaged (7ms)
				SetLoadedEditorAssemblies (1ms)
				RefreshPlugins (0ms)
				BeforeProcessingInitializeOnLoad (102ms)
				ProcessInitializeOnLoadAttributes (244ms)
				ProcessInitializeOnLoadMethodAttributes (11ms)
				AfterProcessingInitializeOnLoad (12ms)
				EditorAssembliesLoaded (0ms)
			ExecutionOrderSort2 (0ms)
			AwakeInstancesAfterBackupRestoration (8ms)
Platform modules already initialized, skipping
Refreshing native plugins compatible for Editor in 0.40 ms, found 2 plugins.
Preloading 0 native plugins for Editor in 0.00 ms.
Unloading 1514 Unused Serialized files (Serialized files now loaded: 0)
System memory in use before: 71.9 MB.
System memory in use after: 72.0 MB.

Unloading 14 unused Assets to reduce memory usage. Loaded Objects now: 1977.
Total: 3.674800 ms (FindLiveObjects: 0.174700 ms CreateObjectMapping: 0.052500 ms MarkObjects: 3.427300 ms  DeleteObjects: 0.018900 ms)

AssetImportParameters requested are different than current active one (requested -> active):
  custom:framework-win-MediaFoundation: 216162199b28c13a410421893ffa2e32 -> 
  custom:video-decoder-ogg-theora: a1e56fd34408186e4bbccfd4996cb3dc -> 
  custom:container-muxer-webm: aa71ff27fc2769a1b78a27578f13a17b -> 
  custom:container-demuxer-webm: 4f35f7cbe854078d1ac9338744f61a02 -> 
  custom:container-demuxer-ogg: 62fdf1f143b41e24485cea50d1cbac27 -> 
  custom:video-encoder-webm-vp8: eb34c28f22e8b96e1ab97ce403110664 -> 
  custom:video-codec-MediaFoundation-h265: 746d11721c4dcdbdad8f713fa42b33f4 -> 
  custom:video-decoder-webm-vp8: 9c59270c3fd7afecdb556c50c9e8de78 -> 
  custom:audio-decoder-ogg-vorbis: bf7c407c2cedff20999df2af8eb42d56 -> 
  custom:audio-encoder-webm-vorbis: bf7c407c2cedff20999df2af8eb42d56 -> 
========================================================================
Received Import Request.
  Time since last request: 1400.442215 seconds.
  path: Assets/Prefabs/Plane.prefab
  artifactKey: Guid(0f33d345f320aa94ebb1ecc753bc10ca) Importer(815301076,1909f56bfc062723c751e8b465ee728b)
Start importing Assets/Prefabs/Plane.prefab using Guid(0f33d345f320aa94ebb1ecc753bc10ca) Importer(815301076,1909f56bfc062723c751e8b465ee728b)  -> (artifact id: '64f10aa06deac56a1a057643c044206f') in 0.096470 seconds 
  Import took 0.101473 seconds .

========================================================================
Received Import Request.
  Time since last request: 20.214154 seconds.
  path: Assets/Prefabs/Plane.prefab
  artifactKey: Guid(0f33d345f320aa94ebb1ecc753bc10ca) Importer(815301076,1909f56bfc062723c751e8b465ee728b)
Start importing Assets/Prefabs/Plane.prefab using Guid(0f33d345f320aa94ebb1ecc753bc10ca) Importer(815301076,1909f56bfc062723c751e8b465ee728b)  -> (artifact id: '68b2bd2f2d60d672bdbf58124663112e') in 0.023957 seconds 
  Import took 0.027827 seconds .

========================================================================
Received Prepare
Registering precompiled user dll's ...
Registered in 0.008603 seconds.
Begin MonoManager ReloadAssembly
Native extension for WindowsStandalone target not found
Refreshing native plugins compatible for Editor in 0.40 ms, found 2 plugins.
Preloading 0 native plugins for Editor in 0.00 ms.
Mono: successfully reloaded assembly
- Completed reload, in  1.496 seconds
Domain Reload Profiling:
	ReloadAssembly (1497ms)
		BeginReloadAssembly (170ms)
			ExecutionOrderSort (0ms)
			DisableScriptedObjects (5ms)
			BackupInstance (0ms)
			ReleaseScriptingObjects (0ms)
			CreateAndSetChildDomain (42ms)
		EndReloadAssembly (1226ms)
			LoadAssemblies (155ms)
			RebuildTransferFunctionScriptingTraits (0ms)
			SetupTypeCache (479ms)
			ReleaseScriptCaches (1ms)
			RebuildScriptCaches (56ms)
			SetupLoadedEditorAssemblies (420ms)
				LogAssemblyErrors (0ms)
				InitializePlatformSupportModulesInManaged (6ms)
				SetLoadedEditorAssemblies (1ms)
				RefreshPlugins (1ms)
				BeforeProcessingInitializeOnLoad (117ms)
				ProcessInitializeOnLoadAttributes (268ms)
				ProcessInitializeOnLoadMethodAttributes (12ms)
				AfterProcessingInitializeOnLoad (16ms)
				EditorAssembliesLoaded (0ms)
			ExecutionOrderSort2 (0ms)
			AwakeInstancesAfterBackupRestoration (9ms)
Platform modules already initialized, skipping
Refreshing native plugins compatible for Editor in 0.55 ms, found 2 plugins.
Preloading 0 native plugins for Editor in 0.00 ms.
Unloading 1514 Unused Serialized files (Serialized files now loaded: 0)
System memory in use before: 71.9 MB.
System memory in use after: 72.0 MB.

Unloading 15 unused Assets to reduce memory usage. Loaded Objects now: 1980.
Total: 3.889300 ms (FindLiveObjects: 0.180300 ms CreateObjectMapping: 0.061300 ms MarkObjects: 3.593500 ms  DeleteObjects: 0.052800 ms)

AssetImportParameters requested are different than current active one (requested -> active):
  custom:framework-win-MediaFoundation: 216162199b28c13a410421893ffa2e32 -> 
  custom:video-decoder-ogg-theora: a1e56fd34408186e4bbccfd4996cb3dc -> 
  custom:container-muxer-webm: aa71ff27fc2769a1b78a27578f13a17b -> 
  custom:container-demuxer-webm: 4f35f7cbe854078d1ac9338744f61a02 -> 
  custom:container-demuxer-ogg: 62fdf1f143b41e24485cea50d1cbac27 -> 
  custom:video-encoder-webm-vp8: eb34c28f22e8b96e1ab97ce403110664 -> 
  custom:video-codec-MediaFoundation-h265: 746d11721c4dcdbdad8f713fa42b33f4 -> 
  custom:video-decoder-webm-vp8: 9c59270c3fd7afecdb556c50c9e8de78 -> 
  custom:audio-decoder-ogg-vorbis: bf7c407c2cedff20999df2af8eb42d56 -> 
  custom:audio-encoder-webm-vorbis: bf7c407c2cedff20999df2af8eb42d56 -> 
========================================================================
Received Prepare
Registering precompiled user dll's ...
Registered in 0.007966 seconds.
Begin MonoManager ReloadAssembly
Native extension for WindowsStandalone target not found
Refreshing native plugins compatible for Editor in 0.41 ms, found 2 plugins.
Preloading 0 native plugins for Editor in 0.00 ms.
Mono: successfully reloaded assembly
- Completed reload, in  1.807 seconds
Domain Reload Profiling:
	ReloadAssembly (1808ms)
		BeginReloadAssembly (181ms)
			ExecutionOrderSort (0ms)
			DisableScriptedObjects (7ms)
			BackupInstance (0ms)
			ReleaseScriptingObjects (0ms)
			CreateAndSetChildDomain (45ms)
		EndReloadAssembly (1511ms)
			LoadAssemblies (160ms)
			RebuildTransferFunctionScriptingTraits (0ms)
			SetupTypeCache (602ms)
			ReleaseScriptCaches (1ms)
			RebuildScriptCaches (106ms)
			SetupLoadedEditorAssemblies (477ms)
				LogAssemblyErrors (0ms)
				InitializePlatformSupportModulesInManaged (7ms)
				SetLoadedEditorAssemblies (1ms)
				RefreshPlugins (1ms)
				BeforeProcessingInitializeOnLoad (136ms)
				ProcessInitializeOnLoadAttributes (309ms)
				ProcessInitializeOnLoadMethodAttributes (12ms)
				AfterProcessingInitializeOnLoad (12ms)
				EditorAssembliesLoaded (0ms)
			ExecutionOrderSort2 (0ms)
			AwakeInstancesAfterBackupRestoration (11ms)
Platform modules already initialized, skipping
Refreshing native plugins compatible for Editor in 0.44 ms, found 2 plugins.
Preloading 0 native plugins for Editor in 0.00 ms.
Unloading 1514 Unused Serialized files (Serialized files now loaded: 0)
System memory in use before: 71.9 MB.
System memory in use after: 72.0 MB.

Unloading 14 unused Assets to reduce memory usage. Loaded Objects now: 1982.
Total: 4.734600 ms (FindLiveObjects: 0.191100 ms CreateObjectMapping: 0.130100 ms MarkObjects: 4.382800 ms  DeleteObjects: 0.028900 ms)

AssetImportParameters requested are different than current active one (requested -> active):
  custom:framework-win-MediaFoundation: 216162199b28c13a410421893ffa2e32 -> 
  custom:video-decoder-ogg-theora: a1e56fd34408186e4bbccfd4996cb3dc -> 
  custom:container-muxer-webm: aa71ff27fc2769a1b78a27578f13a17b -> 
  custom:container-demuxer-webm: 4f35f7cbe854078d1ac9338744f61a02 -> 
  custom:container-demuxer-ogg: 62fdf1f143b41e24485cea50d1cbac27 -> 
  custom:video-encoder-webm-vp8: eb34c28f22e8b96e1ab97ce403110664 -> 
  custom:video-codec-MediaFoundation-h265: 746d11721c4dcdbdad8f713fa42b33f4 -> 
  custom:video-decoder-webm-vp8: 9c59270c3fd7afecdb556c50c9e8de78 -> 
  custom:audio-decoder-ogg-vorbis: bf7c407c2cedff20999df2af8eb42d56 -> 
  custom:audio-encoder-webm-vorbis: bf7c407c2cedff20999df2af8eb42d56 -> 
========================================================================
Received Prepare
Registering precompiled user dll's ...
Registered in 0.010928 seconds.
Begin MonoManager ReloadAssembly
Native extension for WindowsStandalone target not found
Refreshing native plugins compatible for Editor in 0.59 ms, found 2 plugins.
Preloading 0 native plugins for Editor in 0.00 ms.
Mono: successfully reloaded assembly
- Completed reload, in  1.508 seconds
Domain Reload Profiling:
	ReloadAssembly (1508ms)
		BeginReloadAssembly (180ms)
			ExecutionOrderSort (0ms)
			DisableScriptedObjects (6ms)
			BackupInstance (0ms)
			ReleaseScriptingObjects (0ms)
			CreateAndSetChildDomain (41ms)
		EndReloadAssembly (1230ms)
			LoadAssemblies (164ms)
			RebuildTransferFunctionScriptingTraits (0ms)
			SetupTypeCache (446ms)
			ReleaseScriptCaches (1ms)
			RebuildScriptCaches (64ms)
			SetupLoadedEditorAssemblies (416ms)
				LogAssemblyErrors (0ms)
				InitializePlatformSupportModulesInManaged (6ms)
				SetLoadedEditorAssemblies (1ms)
				RefreshPlugins (1ms)
				BeforeProcessingInitializeOnLoad (113ms)
				ProcessInitializeOnLoadAttributes (267ms)
				ProcessInitializeOnLoadMethodAttributes (13ms)
				AfterProcessingInitializeOnLoad (15ms)
				EditorAssembliesLoaded (0ms)
			ExecutionOrderSort2 (0ms)
			AwakeInstancesAfterBackupRestoration (11ms)
Platform modules already initialized, skipping
Refreshing native plugins compatible for Editor in 0.45 ms, found 2 plugins.
Preloading 0 native plugins for Editor in 0.00 ms.
Unloading 1514 Unused Serialized files (Serialized files now loaded: 0)
System memory in use before: 71.9 MB.
System memory in use after: 72.0 MB.

Unloading 14 unused Assets to reduce memory usage. Loaded Objects now: 1984.
Total: 4.332000 ms (FindLiveObjects: 0.198300 ms CreateObjectMapping: 0.071000 ms MarkObjects: 4.036300 ms  DeleteObjects: 0.024700 ms)

AssetImportParameters requested are different than current active one (requested -> active):
  custom:framework-win-MediaFoundation: 216162199b28c13a410421893ffa2e32 -> 
  custom:video-decoder-ogg-theora: a1e56fd34408186e4bbccfd4996cb3dc -> 
  custom:container-muxer-webm: aa71ff27fc2769a1b78a27578f13a17b -> 
  custom:container-demuxer-webm: 4f35f7cbe854078d1ac9338744f61a02 -> 
  custom:container-demuxer-ogg: 62fdf1f143b41e24485cea50d1cbac27 -> 
  custom:video-encoder-webm-vp8: eb34c28f22e8b96e1ab97ce403110664 -> 
  custom:video-codec-MediaFoundation-h265: 746d11721c4dcdbdad8f713fa42b33f4 -> 
  custom:video-decoder-webm-vp8: 9c59270c3fd7afecdb556c50c9e8de78 -> 
  custom:audio-decoder-ogg-vorbis: bf7c407c2cedff20999df2af8eb42d56 -> 
  custom:audio-encoder-webm-vorbis: bf7c407c2cedff20999df2af8eb42d56 -> 
AssetImportWorkerClient::OnTransportError - code=2 error=End of file
